<?xml version="1.0" encoding="UTF-8"?><testsuite errors="0" failures="0" name="com.bestbuy.testsuite.StoreTestWithTags" skipped="0" tests="5" time="43.95" timestamp="2020-05-25T23:40:03.310+01:00[Europe/London]"><testcase classname="com.bestbuy.testsuite.StoreTestWithTags" name="This test will Create a new Store"/><testcase classname="com.bestbuy.testsuite.StoreTestWithTags" name="This test will get store information by ID"/><testcase classname="com.bestbuy.testsuite.StoreTestWithTags" name="This test will update the store information and verify the updated information"/><testcase classname="com.bestbuy.testsuite.StoreTestWithTags" name="This test will delete the store and verify the store is deleted "/><testcase classname="com.bestbuy.testsuite.StoreTestWithTags" name="This test will get all product information "/></testsuite>